[0811/230712:WARNING:dns_config_service_win.cc(674)] Failed to read DnsConfig.
[0811/230714:WARNING:dns_config_service_win.cc(674)] Failed to read DnsConfig.
[0811/230715:WARNING:dns_config_service_win.cc(674)] Failed to read DnsConfig.
[0811/230715:WARNING:dns_config_service_win.cc(674)] Failed to read DnsConfig.
[0811/230715:WARNING:dns_config_service_win.cc(674)] Failed to read DnsConfig.
[0811/230715:WARNING:dns_config_service_win.cc(674)] Failed to read DnsConfig.
[0811/230716:WARNING:dns_config_service_win.cc(674)] Failed to read DnsConfig.
[0811/230719:WARNING:dns_config_service_win.cc(674)] Failed to read DnsConfig.
[0811/230719:WARNING:dns_config_service_win.cc(674)] Failed to read DnsConfig.
[0811/230719:WARNING:dns_config_service_win.cc(674)] Failed to read DnsConfig.
[0811/230720:WARNING:dns_config_service_win.cc(674)] Failed to read DnsConfig.
[0811/230720:WARNING:dns_config_service_win.cc(674)] Failed to read DnsConfig.
[0811/230720:WARNING:dns_config_service_win.cc(674)] Failed to read DnsConfig.
[0811/230720:WARNING:dns_config_service_win.cc(674)] Failed to read DnsConfig.
[0811/230727:INFO:exception_record.cc(518)] [QB]Process ID: 25868 Type: 4
[0811/234014:WARNING:dns_config_service_win.cc(674)] Failed to read DnsConfig.
[0812/091203:WARNING:dns_config_service_win.cc(674)] Failed to read DnsConfig.
[0812/091204:WARNING:dns_config_service_win.cc(674)] Failed to read DnsConfig.
[0812/091204:WARNING:dns_config_service_win.cc(674)] Failed to read DnsConfig.
[0812/091205:WARNING:dns_config_service_win.cc(674)] Failed to read DnsConfig.
[0812/091205:WARNING:dns_config_service_win.cc(674)] Failed to read DnsConfig.
[0812/091205:WARNING:dns_config_service_win.cc(674)] Failed to read DnsConfig.
[0812/091206:WARNING:dns_config_service_win.cc(674)] Failed to read DnsConfig.
[0812/091208:WARNING:dns_config_service_win.cc(674)] Failed to read DnsConfig.
[0812/091230:INFO:exception_record.cc(518)] [QB]Process ID: 19248 Type: 4
[0812/094649:INFO:exception_record.cc(518)] [QB]Process ID: 16716 Type: 2
[0812/173052:WARNING:dns_config_service_win.cc(674)] Failed to read DnsConfig.
[0812/173119:INFO:exception_record.cc(518)] [QB]Process ID: 31104 Type: 4
[0812/174104:WARNING:dns_config_service_win.cc(674)] Failed to read DnsConfig.
[0812/174107:WARNING:dns_config_service_win.cc(674)] Failed to read DnsConfig.
[0812/174114:INFO:exception_record.cc(518)] [QB]Process ID: 23196 Type: 4
[0812/185909:INFO:exception_record.cc(518)] [QB]Process ID: 31528 Type: 4
[0812/185942:INFO:exception_record.cc(518)] [QB]Process ID: 30268 Type: 4
[0812/193607:WARNING:dns_config_service_win.cc(674)] Failed to read DnsConfig.
[0812/193635:INFO:exception_record.cc(518)] [QB]Process ID: 18780 Type: 4
[0812/211859:INFO:exception_record.cc(518)] [QB]Process ID: 29844 Type: 4
[0812/212301:INFO:exception_record.cc(518)] [QB]Process ID: 30076 Type: 4
[0812/214436:WARNING:dns_config_service_win.cc(674)] Failed to read DnsConfig.
[0813/090641:WARNING:dns_config_service_win.cc(674)] Failed to read DnsConfig.
[0813/090657:INFO:exception_record.cc(518)] [QB]Process ID: 8732 Type: 4
[0813/100205:WARNING:dns_config_service_win.cc(674)] Failed to read DnsConfig.
[0813/100234:INFO:exception_record.cc(518)] [QB]Process ID: 21868 Type: 4
[0813/100322:WARNING:dns_config_service_win.cc(674)] Failed to read DnsConfig.
[0813/100325:WARNING:dns_config_service_win.cc(674)] Failed to read DnsConfig.
[0813/100333:INFO:exception_record.cc(518)] [QB]Process ID: 7744 Type: 4
[0813/100355:WARNING:dns_config_service_win.cc(674)] Failed to read DnsConfig.
[0813/100358:WARNING:dns_config_service_win.cc(674)] Failed to read DnsConfig.
[0813/100405:INFO:exception_record.cc(518)] [QB]Process ID: 24964 Type: 4
[0813/133240:INFO:exception_record.cc(518)] [QB]Process ID: 33520 Type: 4
[0813/133314:INFO:exception_record.cc(518)] [QB]Process ID: 6948 Type: 4
[0813/191553:WARNING:dns_config_service_win.cc(674)] Failed to read DnsConfig.
[0813/191611:INFO:exception_record.cc(518)] [QB]Process ID: 17724 Type: 4
[0813/191620:INFO:exception_record.cc(518)] [QB]Process ID: 388 Type: 4
[0814/091625:WARNING:dns_config_service_win.cc(674)] Failed to read DnsConfig.
[0814/091629:WARNING:dns_config_service_win.cc(674)] Failed to read DnsConfig.
[0814/091629:WARNING:dns_config_service_win.cc(674)] Failed to read DnsConfig.
[0814/091631:WARNING:dns_config_service_win.cc(674)] Failed to read DnsConfig.
[0814/091652:INFO:exception_record.cc(518)] [QB]Process ID: 15324 Type: 4
[0814/091748:INFO:exception_record.cc(518)] [QB]Process ID: 35092 Type: 4
[0814/091919:WARNING:dns_config_service_win.cc(674)] Failed to read DnsConfig.
[0814/091956:WARNING:dns_config_service_win.cc(674)] Failed to read DnsConfig.
[0814/092012:INFO:exception_record.cc(518)] [QB]Process ID: 33004 Type: 4
[0814/232800:WARNING:dns_config_service_win.cc(674)] Failed to read DnsConfig.
[0814/232802:WARNING:dns_config_service_win.cc(674)] Failed to read DnsConfig.
[0814/232803:WARNING:dns_config_service_win.cc(674)] Failed to read DnsConfig.
[0814/232803:WARNING:dns_config_service_win.cc(674)] Failed to read DnsConfig.
[0814/232804:WARNING:dns_config_service_win.cc(674)] Failed to read DnsConfig.
[0814/232805:WARNING:dns_config_service_win.cc(674)] Failed to read DnsConfig.
[0814/232807:WARNING:dns_config_service_win.cc(674)] Failed to read DnsConfig.
[0814/232807:WARNING:dns_config_service_win.cc(674)] Failed to read DnsConfig.
[0815/092436:WARNING:dns_config_service_win.cc(674)] Failed to read DnsConfig.
[0815/092436:WARNING:dns_config_service_win.cc(674)] Failed to read DnsConfig.
[0815/092437:WARNING:dns_config_service_win.cc(674)] Failed to read DnsConfig.
[0815/092438:WARNING:dns_config_service_win.cc(674)] Failed to read DnsConfig.
[0815/092639:INFO:exception_record.cc(518)] [QB]Process ID: 23600 Type: 2
[0815/112845:WARNING:dns_config_service_win.cc(674)] Failed to read DnsConfig.
[0815/212355:WARNING:dns_config_service_win.cc(674)] Failed to read DnsConfig.
[0815/212358:WARNING:dns_config_service_win.cc(674)] Failed to read DnsConfig.
[0815/223005:WARNING:dns_config_service_win.cc(674)] Failed to read DnsConfig.
[0815/223007:WARNING:dns_config_service_win.cc(674)] Failed to read DnsConfig.
[0815/223007:WARNING:dns_config_service_win.cc(674)] Failed to read DnsConfig.
[0815/223008:WARNING:dns_config_service_win.cc(674)] Failed to read DnsConfig.
[0815/223008:WARNING:dns_config_service_win.cc(674)] Failed to read DnsConfig.
[0815/223008:WARNING:dns_config_service_win.cc(674)] Failed to read DnsConfig.
[0815/223009:WARNING:dns_config_service_win.cc(674)] Failed to read DnsConfig.
[0815/223011:WARNING:dns_config_service_win.cc(674)] Failed to read DnsConfig.
[0815/223012:WARNING:dns_config_service_win.cc(674)] Failed to read DnsConfig.
[0815/223012:WARNING:dns_config_service_win.cc(674)] Failed to read DnsConfig.
[0815/223013:WARNING:dns_config_service_win.cc(674)] Failed to read DnsConfig.
[0815/223013:WARNING:dns_config_service_win.cc(674)] Failed to read DnsConfig.
[0815/223013:WARNING:dns_config_service_win.cc(674)] Failed to read DnsConfig.
[0815/223014:WARNING:dns_config_service_win.cc(674)] Failed to read DnsConfig.
[0815/223016:WARNING:dns_config_service_win.cc(674)] Failed to read DnsConfig.
[0815/223017:WARNING:dns_config_service_win.cc(674)] Failed to read DnsConfig.
[0815/223017:WARNING:dns_config_service_win.cc(674)] Failed to read DnsConfig.
[0815/223018:WARNING:dns_config_service_win.cc(674)] Failed to read DnsConfig.
[0815/223018:WARNING:dns_config_service_win.cc(674)] Failed to read DnsConfig.
[0815/223018:WARNING:dns_config_service_win.cc(674)] Failed to read DnsConfig.
[0815/223018:WARNING:dns_config_service_win.cc(674)] Failed to read DnsConfig.
[0815/223018:WARNING:dns_config_service_win.cc(674)] Failed to read DnsConfig.
[0815/223019:WARNING:dns_config_service_win.cc(674)] Failed to read DnsConfig.
[0815/223021:WARNING:dns_config_service_win.cc(674)] Failed to read DnsConfig.
[0815/223022:WARNING:dns_config_service_win.cc(674)] Failed to read DnsConfig.
[0815/223022:WARNING:dns_config_service_win.cc(674)] Failed to read DnsConfig.
[0815/223023:WARNING:dns_config_service_win.cc(674)] Failed to read DnsConfig.
[0815/223023:WARNING:dns_config_service_win.cc(674)] Failed to read DnsConfig.
[0815/223023:WARNING:dns_config_service_win.cc(674)] Failed to read DnsConfig.
[0815/223023:WARNING:dns_config_service_win.cc(674)] Failed to read DnsConfig.
[0815/223023:WARNING:dns_config_service_win.cc(674)] Failed to read DnsConfig.
[0815/223024:WARNING:dns_config_service_win.cc(674)] Failed to read DnsConfig.
[0815/223026:WARNING:dns_config_service_win.cc(674)] Failed to read DnsConfig.
[0815/223027:WARNING:dns_config_service_win.cc(674)] Failed to read DnsConfig.
[0815/223027:WARNING:dns_config_service_win.cc(674)] Failed to read DnsConfig.
[0815/223028:WARNING:dns_config_service_win.cc(674)] Failed to read DnsConfig.
[0815/223028:WARNING:dns_config_service_win.cc(674)] Failed to read DnsConfig.
[0815/223028:WARNING:dns_config_service_win.cc(674)] Failed to read DnsConfig.
[0815/223028:WARNING:dns_config_service_win.cc(674)] Failed to read DnsConfig.
[0815/223028:WARNING:dns_config_service_win.cc(674)] Failed to read DnsConfig.
[0815/223029:WARNING:dns_config_service_win.cc(674)] Failed to read DnsConfig.
[0815/223031:WARNING:dns_config_service_win.cc(674)] Failed to read DnsConfig.
[0815/223032:WARNING:dns_config_service_win.cc(674)] Failed to read DnsConfig.
[0815/223032:WARNING:dns_config_service_win.cc(674)] Failed to read DnsConfig.
[0815/223033:WARNING:dns_config_service_win.cc(674)] Failed to read DnsConfig.
[0815/223033:WARNING:dns_config_service_win.cc(674)] Failed to read DnsConfig.
[0815/223033:WARNING:dns_config_service_win.cc(674)] Failed to read DnsConfig.
[0815/223033:WARNING:dns_config_service_win.cc(674)] Failed to read DnsConfig.
[0815/223033:WARNING:dns_config_service_win.cc(674)] Failed to read DnsConfig.
[0815/223034:WARNING:dns_config_service_win.cc(674)] Failed to read DnsConfig.
[0815/223036:WARNING:dns_config_service_win.cc(674)] Failed to read DnsConfig.
[0815/223037:WARNING:dns_config_service_win.cc(674)] Failed to read DnsConfig.
[0815/223038:WARNING:dns_config_service_win.cc(674)] Failed to read DnsConfig.
[0815/223038:WARNING:dns_config_service_win.cc(674)] Failed to read DnsConfig.
[0815/223038:WARNING:dns_config_service_win.cc(674)] Failed to read DnsConfig.
[0815/223038:WARNING:dns_config_service_win.cc(674)] Failed to read DnsConfig.
[0815/223038:WARNING:dns_config_service_win.cc(674)] Failed to read DnsConfig.
[0815/223038:WARNING:dns_config_service_win.cc(674)] Failed to read DnsConfig.
[0815/223039:WARNING:dns_config_service_win.cc(674)] Failed to read DnsConfig.
[0815/223041:WARNING:dns_config_service_win.cc(674)] Failed to read DnsConfig.
[0815/223042:WARNING:dns_config_service_win.cc(674)] Failed to read DnsConfig.
[0815/223042:WARNING:dns_config_service_win.cc(674)] Failed to read DnsConfig.
[0816/094343:WARNING:dns_config_service_win.cc(674)] Failed to read DnsConfig.
[0816/094344:WARNING:dns_config_service_win.cc(674)] Failed to read DnsConfig.
[0816/094344:WARNING:dns_config_service_win.cc(674)] Failed to read DnsConfig.
[0816/094345:WARNING:dns_config_service_win.cc(674)] Failed to read DnsConfig.
[0816/094346:WARNING:dns_config_service_win.cc(674)] Failed to read DnsConfig.
[0816/095852:WARNING:dns_config_service_win.cc(674)] Failed to read DnsConfig.
[0816/135541:WARNING:dns_config_service_win.cc(674)] Failed to read DnsConfig.
[0816/150124:INFO:exception_record.cc(518)] [QB]Process ID: 19928 Type: 2
[0816/163450:INFO:exception_record.cc(518)] [QB]Process ID: 28764 Type: 2
[0816/163451:WARNING:quota_manager.cc(1833)] Create directory failed for path
[0816/163451:WARNING:quota_manager.cc(1833)] Create directory failed for path
[0816/170451:WARNING:quota_manager.cc(1833)] Create directory failed for path
[0816/170451:WARNING:quota_manager.cc(1833)] Create directory failed for path
[0816/170705:WARNING:dns_config_service_win.cc(674)] Failed to read DnsConfig.
[0816/173451:WARNING:quota_manager.cc(1833)] Create directory failed for path
[0816/173815:INFO:exception_record.cc(518)] [QB]Process ID: 1468 Type: 2
[0816/173817:INFO:exception_record.cc(518)] [QB]Process ID: 17488 Type: 2
[0816/173819:WARNING:spdy_session.cc(2455)] Received HEADERS for invalid stream 5
[0816/173823:WARNING:quota_manager.cc(1833)] Create directory failed for path
[0816/173823:ERROR:waituntilobserver.cpp(144)] NOT IMPLEMENTED
[0816/173823:WARNING:quota_manager.cc(1833)] Create directory failed for path
[0816/173823:WARNING:spdy_session.cc(2455)] Received HEADERS for invalid stream 65
[0816/173823:WARNING:spdy_session.cc(2455)] Received HEADERS for invalid stream 71
[0816/173823:WARNING:spdy_session.cc(2455)] Received HEADERS for invalid stream 73
[0816/173823:WARNING:spdy_session.cc(2455)] Received HEADERS for invalid stream 77
[0816/173823:WARNING:spdy_session.cc(2455)] Received HEADERS for invalid stream 81
[0816/173823:WARNING:spdy_session.cc(2455)] Received HEADERS for invalid stream 83
[0816/173823:WARNING:spdy_session.cc(2455)] Received HEADERS for invalid stream 85
[0816/173823:WARNING:spdy_session.cc(2455)] Received HEADERS for invalid stream 87
[0816/173823:WARNING:spdy_session.cc(2455)] Received HEADERS for invalid stream 89
[0816/173823:WARNING:spdy_session.cc(2455)] Received HEADERS for invalid stream 91
[0816/173823:WARNING:spdy_session.cc(2455)] Received HEADERS for invalid stream 93
[0816/173823:WARNING:spdy_session.cc(2455)] Received HEADERS for invalid stream 99
[0816/173823:WARNING:spdy_session.cc(2455)] Received HEADERS for invalid stream 105
[0816/173823:WARNING:spdy_session.cc(2455)] Received HEADERS for invalid stream 107
[0816/173823:WARNING:spdy_session.cc(2455)] Received HEADERS for invalid stream 109
[0816/173823:WARNING:spdy_session.cc(2455)] Received HEADERS for invalid stream 113
[0816/173823:WARNING:spdy_session.cc(2455)] Received HEADERS for invalid stream 131
[0816/173823:WARNING:spdy_session.cc(2455)] Received HEADERS for invalid stream 133
[0816/173823:WARNING:spdy_session.cc(2455)] Received HEADERS for invalid stream 169
[0816/173823:WARNING:spdy_session.cc(2455)] Received HEADERS for invalid stream 33
[0816/173823:WARNING:spdy_session.cc(2455)] Received HEADERS for invalid stream 37
[0816/173823:WARNING:spdy_session.cc(2455)] Received HEADERS for invalid stream 45
[0816/173823:WARNING:spdy_session.cc(2455)] Received HEADERS for invalid stream 59
[0816/173823:WARNING:spdy_session.cc(2455)] Received HEADERS for invalid stream 61
[0816/173823:WARNING:spdy_session.cc(2455)] Received HEADERS for invalid stream 67
[0816/173823:WARNING:spdy_session.cc(2455)] Received HEADERS for invalid stream 69
[0816/173823:WARNING:spdy_session.cc(2455)] Received HEADERS for invalid stream 75
[0816/173823:WARNING:spdy_session.cc(2455)] Received HEADERS for invalid stream 79
[0816/173823:WARNING:spdy_session.cc(2455)] Received HEADERS for invalid stream 95
[0816/173823:WARNING:spdy_session.cc(2455)] Received HEADERS for invalid stream 101
[0816/173823:WARNING:spdy_session.cc(2455)] Received HEADERS for invalid stream 103
[0816/173823:WARNING:spdy_session.cc(2455)] Received HEADERS for invalid stream 97
[0816/173823:WARNING:spdy_session.cc(2455)] Received HEADERS for invalid stream 111
[0816/173823:WARNING:spdy_session.cc(2455)] Received HEADERS for invalid stream 115
[0816/173823:WARNING:spdy_session.cc(2455)] Received HEADERS for invalid stream 127
[0816/173823:WARNING:spdy_session.cc(2455)] Received HEADERS for invalid stream 117
[0816/173823:WARNING:spdy_session.cc(2455)] Received HEADERS for invalid stream 125
[0816/173823:WARNING:spdy_session.cc(2455)] Received HEADERS for invalid stream 123
[0816/173823:WARNING:spdy_session.cc(2455)] Received HEADERS for invalid stream 121
[0816/173823:WARNING:spdy_session.cc(2455)] Received HEADERS for invalid stream 119
[0816/173823:WARNING:spdy_session.cc(2455)] Received HEADERS for invalid stream 139
[0816/173823:WARNING:spdy_session.cc(2455)] Received HEADERS for invalid stream 129
[0816/173823:WARNING:spdy_session.cc(2455)] Received HEADERS for invalid stream 135
[0816/173823:WARNING:spdy_session.cc(2455)] Received HEADERS for invalid stream 137
[0816/173823:WARNING:spdy_session.cc(2455)] Received HEADERS for invalid stream 203
[0816/173823:WARNING:spdy_session.cc(2455)] Received HEADERS for invalid stream 201
[0816/173823:WARNING:spdy_session.cc(2455)] Received HEADERS for invalid stream 205
[0816/173823:WARNING:spdy_session.cc(2455)] Received HEADERS for invalid stream 207
[0816/173823:WARNING:spdy_session.cc(2455)] Received HEADERS for invalid stream 215
[0816/173823:WARNING:spdy_session.cc(2455)] Received HEADERS for invalid stream 221
[0816/173823:WARNING:spdy_session.cc(2455)] Received HEADERS for invalid stream 225
[0816/173823:WARNING:spdy_session.cc(2455)] Received HEADERS for invalid stream 227
[0816/173823:WARNING:spdy_session.cc(2455)] Received HEADERS for invalid stream 233
[0816/173823:WARNING:spdy_session.cc(2455)] Received HEADERS for invalid stream 237
[0816/173823:WARNING:spdy_session.cc(2455)] Received HEADERS for invalid stream 239
[0816/173823:WARNING:spdy_session.cc(2455)] Received HEADERS for invalid stream 241
[0816/173823:WARNING:spdy_session.cc(2455)] Received HEADERS for invalid stream 147
[0816/173823:WARNING:spdy_session.cc(2455)] Received HEADERS for invalid stream 145
[0816/173823:WARNING:spdy_session.cc(2455)] Received HEADERS for invalid stream 143
[0816/173823:WARNING:spdy_session.cc(2455)] Received HEADERS for invalid stream 149
[0816/173823:WARNING:spdy_session.cc(2455)] Received HEADERS for invalid stream 159
[0816/173823:WARNING:spdy_session.cc(2455)] Received HEADERS for invalid stream 155
[0816/173823:WARNING:spdy_session.cc(2455)] Received HEADERS for invalid stream 163
[0816/173823:WARNING:spdy_session.cc(2455)] Received HEADERS for invalid stream 167
[0816/173823:WARNING:spdy_session.cc(2455)] Received HEADERS for invalid stream 141
[0816/173823:WARNING:spdy_session.cc(2455)] Received HEADERS for invalid stream 151
[0816/173823:WARNING:spdy_session.cc(2455)] Received HEADERS for invalid stream 153
[0816/173823:WARNING:spdy_session.cc(2455)] Received HEADERS for invalid stream 161
[0816/173823:WARNING:spdy_session.cc(2455)] Received HEADERS for invalid stream 171
[0816/173823:WARNING:spdy_session.cc(2455)] Received HEADERS for invalid stream 177
[0816/173823:WARNING:spdy_session.cc(2455)] Received HEADERS for invalid stream 175
[0816/173823:WARNING:spdy_session.cc(2455)] Received HEADERS for invalid stream 181
[0816/173823:WARNING:spdy_session.cc(2455)] Received HEADERS for invalid stream 165
[0816/173823:WARNING:spdy_session.cc(2455)] Received HEADERS for invalid stream 183
[0816/173823:WARNING:spdy_session.cc(2455)] Received HEADERS for invalid stream 187
[0816/173823:WARNING:spdy_session.cc(2455)] Received HEADERS for invalid stream 173
[0816/173823:WARNING:spdy_session.cc(2455)] Received HEADERS for invalid stream 191
[0816/173823:WARNING:spdy_session.cc(2455)] Received HEADERS for invalid stream 199
[0816/173823:WARNING:spdy_session.cc(2455)] Received HEADERS for invalid stream 185
[0816/173823:WARNING:spdy_session.cc(2455)] Received HEADERS for invalid stream 193
[0816/173823:WARNING:spdy_session.cc(2455)] Received HEADERS for invalid stream 189
[0816/173823:WARNING:spdy_session.cc(2455)] Received HEADERS for invalid stream 157
[0816/173823:WARNING:spdy_session.cc(2455)] Received HEADERS for invalid stream 197
[0816/173823:WARNING:spdy_session.cc(2455)] Received HEADERS for invalid stream 195
[0816/173823:WARNING:spdy_session.cc(2455)] Received HEADERS for invalid stream 179
[0816/173823:WARNING:spdy_session.cc(2455)] Received HEADERS for invalid stream 211
[0816/173823:WARNING:spdy_session.cc(2455)] Received HEADERS for invalid stream 209
[0816/173823:WARNING:spdy_session.cc(2455)] Received HEADERS for invalid stream 213
[0816/173823:WARNING:spdy_session.cc(2455)] Received HEADERS for invalid stream 217
[0816/173823:WARNING:spdy_session.cc(2455)] Received HEADERS for invalid stream 223
[0816/173823:WARNING:spdy_session.cc(2455)] Received HEADERS for invalid stream 219
[0816/173823:WARNING:spdy_session.cc(2455)] Received HEADERS for invalid stream 231
[0816/173823:WARNING:spdy_session.cc(2455)] Received HEADERS for invalid stream 235
[0816/173823:WARNING:spdy_session.cc(2455)] Received HEADERS for invalid stream 229
[0816/173823:WARNING:spdy_session.cc(2455)] Received HEADERS for invalid stream 243
[0816/173823:WARNING:spdy_session.cc(2455)] Received HEADERS for invalid stream 247
[0816/173823:WARNING:spdy_session.cc(2455)] Received HEADERS for invalid stream 253
[0816/173823:WARNING:spdy_session.cc(2455)] Received HEADERS for invalid stream 245
[0816/173823:WARNING:spdy_session.cc(2455)] Received HEADERS for invalid stream 251
[0816/173823:WARNING:spdy_session.cc(2455)] Received HEADERS for invalid stream 255
[0816/173823:WARNING:spdy_session.cc(2455)] Received HEADERS for invalid stream 257
[0816/173823:WARNING:spdy_session.cc(2455)] Received HEADERS for invalid stream 259
[0816/173823:WARNING:spdy_session.cc(2455)] Received HEADERS for invalid stream 249
[0816/173827:WARNING:quota_manager.cc(1833)] Create directory failed for path
[0816/173827:WARNING:quota_manager.cc(1833)] Create directory failed for path
[0816/173827:ERROR:waituntilobserver.cpp(144)] NOT IMPLEMENTED
[0816/173827:WARNING:quota_manager.cc(1833)] Create directory failed for path
[0816/173827:WARNING:quota_manager.cc(1833)] Create directory failed for path
[0816/173827:WARNING:quota_manager.cc(1833)] Create directory failed for path
[0816/173827:WARNING:quota_manager.cc(1833)] Create directory failed for path
[0816/173827:WARNING:quota_manager.cc(1833)] Create directory failed for path
[0816/173827:WARNING:quota_manager.cc(1833)] Create directory failed for path
[0816/173827:WARNING:quota_manager.cc(1833)] Create directory failed for path
[0816/173827:WARNING:quota_manager.cc(1833)] Create directory failed for path
[0816/173827:WARNING:quota_manager.cc(1833)] Create directory failed for path
[0816/173827:WARNING:quota_manager.cc(1833)] Create directory failed for path
[0816/173827:WARNING:quota_manager.cc(1833)] Create directory failed for path
[0816/173827:WARNING:quota_manager.cc(1833)] Create directory failed for path
[0816/173827:WARNING:quota_manager.cc(1833)] Create directory failed for path
[0816/173827:WARNING:quota_manager.cc(1833)] Create directory failed for path
[0816/173827:WARNING:quota_manager.cc(1833)] Create directory failed for path
[0816/173827:WARNING:quota_manager.cc(1833)] Create directory failed for path
[0816/173827:WARNING:quota_manager.cc(1833)] Create directory failed for path
[0816/173827:WARNING:quota_manager.cc(1833)] Create directory failed for path
[0816/173827:WARNING:quota_manager.cc(1833)] Create directory failed for path
[0816/173827:WARNING:quota_manager.cc(1833)] Create directory failed for path
[0816/173827:WARNING:quota_manager.cc(1833)] Create directory failed for path
[0816/173827:WARNING:quota_manager.cc(1833)] Create directory failed for path
[0816/173827:WARNING:quota_manager.cc(1833)] Create directory failed for path
[0816/173827:WARNING:quota_manager.cc(1833)] Create directory failed for path
[0816/173827:WARNING:quota_manager.cc(1833)] Create directory failed for path
[0816/173827:WARNING:quota_manager.cc(1833)] Create directory failed for path
[0816/173827:WARNING:quota_manager.cc(1833)] Create directory failed for path
[0816/173827:WARNING:quota_manager.cc(1833)] Create directory failed for path
[0816/173827:WARNING:quota_manager.cc(1833)] Create directory failed for path
[0816/173827:WARNING:quota_manager.cc(1833)] Create directory failed for path
[0816/173827:WARNING:quota_manager.cc(1833)] Create directory failed for path
[0816/173827:WARNING:quota_manager.cc(1833)] Create directory failed for path
[0816/173827:WARNING:quota_manager.cc(1833)] Create directory failed for path
[0816/173827:WARNING:quota_manager.cc(1833)] Create directory failed for path
[0816/173827:WARNING:quota_manager.cc(1833)] Create directory failed for path
[0816/173827:WARNING:spdy_session.cc(2455)] Received HEADERS for invalid stream 361
[0816/173827:WARNING:spdy_session.cc(2455)] Received HEADERS for invalid stream 363
[0816/173827:WARNING:spdy_session.cc(2455)] Received HEADERS for invalid stream 365
[0816/173827:WARNING:spdy_session.cc(2455)] Received HEADERS for invalid stream 369
[0816/173827:WARNING:spdy_session.cc(2455)] Received HEADERS for invalid stream 367
[0816/173827:WARNING:spdy_session.cc(2455)] Received HEADERS for invalid stream 371
[0816/173827:WARNING:spdy_session.cc(2455)] Received HEADERS for invalid stream 375
[0816/173827:WARNING:spdy_session.cc(2455)] Received HEADERS for invalid stream 373
[0816/173827:WARNING:spdy_session.cc(2455)] Received HEADERS for invalid stream 377
[0816/173827:WARNING:spdy_session.cc(2455)] Received HEADERS for invalid stream 381
[0816/173827:WARNING:spdy_session.cc(2455)] Received HEADERS for invalid stream 379
[0816/173827:WARNING:spdy_session.cc(2455)] Received HEADERS for invalid stream 383
[0816/173827:WARNING:spdy_session.cc(2455)] Received HEADERS for invalid stream 387
[0816/173827:WARNING:spdy_session.cc(2455)] Received HEADERS for invalid stream 393
[0816/173827:WARNING:spdy_session.cc(2455)] Received HEADERS for invalid stream 395
[0816/173827:WARNING:spdy_session.cc(2455)] Received HEADERS for invalid stream 397
[0816/173827:WARNING:spdy_session.cc(2455)] Received HEADERS for invalid stream 399
[0816/173827:WARNING:spdy_session.cc(2455)] Received HEADERS for invalid stream 401
[0816/173827:WARNING:spdy_session.cc(2455)] Received HEADERS for invalid stream 403
[0816/173827:WARNING:spdy_session.cc(2455)] Received HEADERS for invalid stream 407
[0816/173827:WARNING:spdy_session.cc(2455)] Received HEADERS for invalid stream 409
[0816/173827:WARNING:spdy_session.cc(2455)] Received HEADERS for invalid stream 411
[0816/173827:WARNING:spdy_session.cc(2455)] Received HEADERS for invalid stream 413
[0816/173827:WARNING:spdy_session.cc(2455)] Received HEADERS for invalid stream 415
[0816/173827:WARNING:spdy_session.cc(2455)] Received HEADERS for invalid stream 417
[0816/173827:WARNING:spdy_session.cc(2455)] Received HEADERS for invalid stream 421
[0816/173827:WARNING:spdy_session.cc(2455)] Received HEADERS for invalid stream 427
[0816/173827:WARNING:spdy_session.cc(2455)] Received HEADERS for invalid stream 425
[0816/173827:WARNING:spdy_session.cc(2455)] Received HEADERS for invalid stream 429
[0816/173827:WARNING:spdy_session.cc(2455)] Received HEADERS for invalid stream 431
[0816/173827:WARNING:spdy_session.cc(2455)] Received HEADERS for invalid stream 433
[0816/173827:WARNING:spdy_session.cc(2455)] Received HEADERS for invalid stream 437
[0816/173827:WARNING:spdy_session.cc(2455)] Received HEADERS for invalid stream 435
[0816/173827:WARNING:spdy_session.cc(2455)] Received HEADERS for invalid stream 341
[0816/173827:WARNING:spdy_session.cc(2455)] Received HEADERS for invalid stream 355
[0816/173828:WARNING:spdy_session.cc(2455)] Received HEADERS for invalid stream 441
[0816/173828:WARNING:spdy_session.cc(2455)] Received HEADERS for invalid stream 443
[0816/173828:WARNING:spdy_session.cc(2455)] Received HEADERS for invalid stream 445
[0816/173828:WARNING:spdy_session.cc(2455)] Received HEADERS for invalid stream 449
[0816/173828:WARNING:spdy_session.cc(2455)] Received HEADERS for invalid stream 447
[0816/173828:WARNING:spdy_session.cc(2455)] Received HEADERS for invalid stream 453
[0816/173828:WARNING:spdy_session.cc(2455)] Received HEADERS for invalid stream 455
[0816/173828:WARNING:spdy_session.cc(2455)] Received HEADERS for invalid stream 457
[0816/173828:WARNING:spdy_session.cc(2455)] Received HEADERS for invalid stream 459
[0816/173828:WARNING:spdy_session.cc(2455)] Received HEADERS for invalid stream 465
[0816/173828:WARNING:spdy_session.cc(2455)] Received HEADERS for invalid stream 467
[0816/173828:WARNING:spdy_session.cc(2455)] Received HEADERS for invalid stream 469
[0816/173828:WARNING:spdy_session.cc(2455)] Received HEADERS for invalid stream 471
[0816/173828:WARNING:spdy_session.cc(2455)] Received HEADERS for invalid stream 477
[0816/173828:WARNING:spdy_session.cc(2455)] Received HEADERS for invalid stream 479
[0816/173828:WARNING:spdy_session.cc(2455)] Received HEADERS for invalid stream 439
[0816/173828:WARNING:spdy_session.cc(2455)] Received HEADERS for invalid stream 481
[0816/173829:WARNING:spdy_session.cc(2455)] Received HEADERS for invalid stream 385
[0816/173829:WARNING:spdy_session.cc(2455)] Received HEADERS for invalid stream 391
[0816/173829:WARNING:spdy_session.cc(2455)] Received HEADERS for invalid stream 389
[0816/173829:WARNING:spdy_session.cc(2455)] Received HEADERS for invalid stream 405
[0816/173829:WARNING:spdy_session.cc(2455)] Received HEADERS for invalid stream 423
[0816/173829:WARNING:spdy_session.cc(2455)] Received HEADERS for invalid stream 419
[0816/173829:WARNING:spdy_session.cc(2455)] Received HEADERS for invalid stream 451
[0816/173829:WARNING:spdy_session.cc(2455)] Received HEADERS for invalid stream 461
[0816/173829:WARNING:spdy_session.cc(2455)] Received HEADERS for invalid stream 463
[0816/173829:WARNING:spdy_session.cc(2455)] Received HEADERS for invalid stream 473
[0816/173829:WARNING:spdy_session.cc(2455)] Received HEADERS for invalid stream 475
[0816/173829:WARNING:spdy_session.cc(2455)] Received HEADERS for invalid stream 483
[0816/173829:WARNING:quota_manager.cc(1833)] Create directory failed for path
[0816/173829:WARNING:quota_manager.cc(1833)] Create directory failed for path
[0816/173829:WARNING:quota_manager.cc(1833)] Create directory failed for path
[0816/173829:WARNING:quota_manager.cc(1833)] Create directory failed for path
[0816/173829:WARNING:quota_manager.cc(1833)] Create directory failed for path
[0816/173829:ERROR:waituntilobserver.cpp(144)] NOT IMPLEMENTED
[0816/173829:WARNING:quota_manager.cc(1833)] Create directory failed for path
[0816/173829:WARNING:quota_manager.cc(1833)] Create directory failed for path
[0816/173829:WARNING:quota_manager.cc(1833)] Create directory failed for path
[0816/173829:WARNING:quota_manager.cc(1833)] Create directory failed for path
[0816/173829:WARNING:quota_manager.cc(1833)] Create directory failed for path
[0816/173829:WARNING:quota_manager.cc(1833)] Create directory failed for path
[0816/173829:WARNING:quota_manager.cc(1833)] Create directory failed for path
[0816/173829:WARNING:quota_manager.cc(1833)] Create directory failed for path
[0816/173829:WARNING:quota_manager.cc(1833)] Create directory failed for path
[0816/173829:WARNING:quota_manager.cc(1833)] Create directory failed for path
[0816/173829:WARNING:quota_manager.cc(1833)] Create directory failed for path
[0816/173829:WARNING:quota_manager.cc(1833)] Create directory failed for path
[0816/173829:WARNING:spdy_session.cc(2455)] Received HEADERS for invalid stream 485
[0816/173829:WARNING:spdy_session.cc(2455)] Received HEADERS for invalid stream 487
[0816/173829:WARNING:spdy_session.cc(2455)] Received HEADERS for invalid stream 491
[0816/173829:WARNING:spdy_session.cc(2455)] Received HEADERS for invalid stream 495
[0816/173829:WARNING:spdy_session.cc(2455)] Received HEADERS for invalid stream 493
[0816/173829:WARNING:spdy_session.cc(2455)] Received HEADERS for invalid stream 489
[0816/173829:WARNING:spdy_session.cc(2455)] Received HEADERS for invalid stream 497
[0816/173829:WARNING:spdy_session.cc(2455)] Received HEADERS for invalid stream 501
[0816/173829:WARNING:spdy_session.cc(2455)] Received HEADERS for invalid stream 503
[0816/173829:WARNING:spdy_session.cc(2455)] Received HEADERS for invalid stream 499
[0816/173829:WARNING:spdy_session.cc(2455)] Received HEADERS for invalid stream 507
[0816/173829:WARNING:spdy_session.cc(2455)] Received HEADERS for invalid stream 509
[0816/173829:WARNING:spdy_session.cc(2455)] Received HEADERS for invalid stream 505
[0816/173829:WARNING:spdy_session.cc(2455)] Received HEADERS for invalid stream 513
[0816/173830:WARNING:spdy_session.cc(2455)] Received HEADERS for invalid stream 511
[0816/173830:WARNING:spdy_session.cc(2455)] Received HEADERS for invalid stream 515
[0816/173830:WARNING:spdy_session.cc(2455)] Received HEADERS for invalid stream 519
[0816/173830:WARNING:spdy_session.cc(2455)] Received HEADERS for invalid stream 517
[0816/173830:WARNING:spdy_session.cc(2455)] Received HEADERS for invalid stream 521
[0816/173830:WARNING:spdy_session.cc(2455)] Received HEADERS for invalid stream 523
[0816/173830:WARNING:spdy_session.cc(2455)] Received HEADERS for invalid stream 525
[0816/173830:WARNING:spdy_session.cc(2455)] Received HEADERS for invalid stream 529
[0816/173830:WARNING:spdy_session.cc(2455)] Received HEADERS for invalid stream 531
[0816/173830:WARNING:spdy_session.cc(2455)] Received HEADERS for invalid stream 533
[0816/173830:WARNING:spdy_session.cc(2455)] Received HEADERS for invalid stream 535
[0816/173830:WARNING:spdy_session.cc(2455)] Received HEADERS for invalid stream 537
[0816/173830:WARNING:spdy_session.cc(2455)] Received HEADERS for invalid stream 541
[0816/173830:WARNING:spdy_session.cc(2455)] Received HEADERS for invalid stream 539
[0816/173831:WARNING:spdy_session.cc(2455)] Received HEADERS for invalid stream 545
[0816/173831:WARNING:spdy_session.cc(2455)] Received HEADERS for invalid stream 547
[0816/173831:WARNING:spdy_session.cc(2455)] Received HEADERS for invalid stream 549
[0816/173831:WARNING:spdy_session.cc(2455)] Received HEADERS for invalid stream 553
[0816/173831:WARNING:spdy_session.cc(2455)] Received HEADERS for invalid stream 551
[0816/173831:WARNING:spdy_session.cc(2455)] Received HEADERS for invalid stream 557
[0816/173831:WARNING:spdy_session.cc(2455)] Received HEADERS for invalid stream 559
[0816/173831:WARNING:spdy_session.cc(2455)] Received HEADERS for invalid stream 561
[0816/173831:WARNING:spdy_session.cc(2455)] Received HEADERS for invalid stream 563
[0816/173831:WARNING:spdy_session.cc(2455)] Received HEADERS for invalid stream 527
[0816/173831:WARNING:spdy_session.cc(2455)] Received HEADERS for invalid stream 543
[0816/173831:WARNING:spdy_session.cc(2455)] Received HEADERS for invalid stream 555
[0816/173831:WARNING:spdy_session.cc(2455)] Received HEADERS for invalid stream 565
[0816/173831:WARNING:spdy_session.cc(2455)] Received HEADERS for invalid stream 567
[0816/173831:WARNING:spdy_session.cc(2455)] Received HEADERS for invalid stream 569
[0816/173831:WARNING:spdy_session.cc(2455)] Received HEADERS for invalid stream 571
[0816/173831:WARNING:spdy_session.cc(2455)] Received HEADERS for invalid stream 573
[0816/173831:WARNING:spdy_session.cc(2455)] Received HEADERS for invalid stream 575
[0816/173831:WARNING:spdy_session.cc(2455)] Received HEADERS for invalid stream 577
[0816/173831:WARNING:spdy_session.cc(2455)] Received HEADERS for invalid stream 579
[0816/173831:WARNING:spdy_session.cc(2455)] Received HEADERS for invalid stream 581
[0816/173831:WARNING:spdy_session.cc(2455)] Received HEADERS for invalid stream 583
[0816/173831:WARNING:spdy_session.cc(2455)] Received HEADERS for invalid stream 585
[0816/173831:WARNING:spdy_session.cc(2455)] Received HEADERS for invalid stream 587
[0816/173831:WARNING:spdy_session.cc(2455)] Received HEADERS for invalid stream 593
[0816/173831:WARNING:spdy_session.cc(2455)] Received HEADERS for invalid stream 591
[0816/173831:WARNING:spdy_session.cc(2455)] Received HEADERS for invalid stream 589
[0816/173831:WARNING:spdy_session.cc(2455)] Received HEADERS for invalid stream 601
[0816/173831:WARNING:spdy_session.cc(2455)] Received HEADERS for invalid stream 603
[0816/173831:WARNING:spdy_session.cc(2455)] Received HEADERS for invalid stream 599
[0816/173831:WARNING:spdy_session.cc(2455)] Received HEADERS for invalid stream 605
[0816/173831:WARNING:spdy_session.cc(2455)] Received HEADERS for invalid stream 607
[0816/173831:WARNING:spdy_session.cc(2455)] Received HEADERS for invalid stream 613
[0816/173831:WARNING:spdy_session.cc(2455)] Received HEADERS for invalid stream 615
[0816/173831:WARNING:spdy_session.cc(2455)] Received HEADERS for invalid stream 617
[0816/173831:WARNING:spdy_session.cc(2455)] Received HEADERS for invalid stream 597
[0816/173831:WARNING:spdy_session.cc(2455)] Received HEADERS for invalid stream 609
[0816/173831:WARNING:spdy_session.cc(2455)] Received HEADERS for invalid stream 611
[0816/173831:WARNING:spdy_session.cc(2455)] Received HEADERS for invalid stream 619
[0816/173831:WARNING:spdy_session.cc(2455)] Received HEADERS for invalid stream 621
[0816/180451:WARNING:quota_manager.cc(1833)] Create directory failed for path
[0816/183451:WARNING:quota_manager.cc(1833)] Create directory failed for path
[0816/190451:WARNING:quota_manager.cc(1833)] Create directory failed for path
[0816/193451:WARNING:quota_manager.cc(1833)] Create directory failed for path
[0816/200451:WARNING:quota_manager.cc(1833)] Create directory failed for path
[0816/201313:WARNING:dns_config_service_win.cc(674)] Failed to read DnsConfig.
[0817/092312:WARNING:quota_manager.cc(1833)] Create directory failed for path
[0817/092314:WARNING:dns_config_service_win.cc(674)] Failed to read DnsConfig.
